mode: set
github.com/OLUWAMUYIWA/odor/parsec/parsec.go:43.43,45.2 1 0
github.com/OLUWAMUYIWA/odor/parsec/parsec.go:52.36,54.2 1 0
github.com/OLUWAMUYIWA/odor/parsec/parsec.go:56.36,58.2 1 0
github.com/OLUWAMUYIWA/odor/parsec/parsec.go:60.32,62.2 1 0
github.com/OLUWAMUYIWA/odor/parsec/parsec.go:64.33,66.2 1 0
github.com/OLUWAMUYIWA/odor/parsec/parsec.go:76.25,77.39 1 1
github.com/OLUWAMUYIWA/odor/parsec/parsec.go:77.39,78.17 1 1
github.com/OLUWAMUYIWA/odor/parsec/parsec.go:82.3,82.20 1 1
github.com/OLUWAMUYIWA/odor/parsec/parsec.go:86.3,88.4 1 0
github.com/OLUWAMUYIWA/odor/parsec/parsec.go:78.17,80.4 1 0
github.com/OLUWAMUYIWA/odor/parsec/parsec.go:82.20,84.4 1 1
github.com/OLUWAMUYIWA/odor/parsec/parsec.go:94.27,95.38 1 1
github.com/OLUWAMUYIWA/odor/parsec/parsec.go:95.38,96.17 1 1
github.com/OLUWAMUYIWA/odor/parsec/parsec.go:100.3,100.20 1 1
github.com/OLUWAMUYIWA/odor/parsec/parsec.go:104.3,104.42 1 1
github.com/OLUWAMUYIWA/odor/parsec/parsec.go:96.17,98.4 1 0
github.com/OLUWAMUYIWA/odor/parsec/parsec.go:100.20,102.4 1 0
github.com/OLUWAMUYIWA/odor/parsec/parsec.go:109.30,110.38 1 0
github.com/OLUWAMUYIWA/odor/parsec/parsec.go:110.38,111.17 1 0
github.com/OLUWAMUYIWA/odor/parsec/parsec.go:115.3,117.28 2 0
github.com/OLUWAMUYIWA/odor/parsec/parsec.go:123.3,123.42 1 0
github.com/OLUWAMUYIWA/odor/parsec/parsec.go:111.17,113.4 1 0
github.com/OLUWAMUYIWA/odor/parsec/parsec.go:117.28,121.4 1 0
github.com/OLUWAMUYIWA/odor/parsec/parsec.go:129.31,130.38 1 0
github.com/OLUWAMUYIWA/odor/parsec/parsec.go:130.38,131.17 1 0
github.com/OLUWAMUYIWA/odor/parsec/parsec.go:134.3,135.25 2 0
github.com/OLUWAMUYIWA/odor/parsec/parsec.go:146.3,150.4 1 0
github.com/OLUWAMUYIWA/odor/parsec/parsec.go:131.17,133.4 1 0
github.com/OLUWAMUYIWA/odor/parsec/parsec.go:135.25,136.17 1 0
github.com/OLUWAMUYIWA/odor/parsec/parsec.go:136.17,142.5 1 0
github.com/OLUWAMUYIWA/odor/parsec/parsec.go:155.21,156.38 1 0
github.com/OLUWAMUYIWA/odor/parsec/parsec.go:156.38,158.17 1 0
github.com/OLUWAMUYIWA/odor/parsec/parsec.go:162.3,165.52 2 0
github.com/OLUWAMUYIWA/odor/parsec/parsec.go:172.3,172.42 1 0
github.com/OLUWAMUYIWA/odor/parsec/parsec.go:158.17,160.4 1 0
github.com/OLUWAMUYIWA/odor/parsec/parsec.go:165.52,169.4 1 0
github.com/OLUWAMUYIWA/odor/parsec/parsec.go:177.28,178.38 1 0
github.com/OLUWAMUYIWA/odor/parsec/parsec.go:178.38,179.17 1 0
github.com/OLUWAMUYIWA/odor/parsec/parsec.go:183.3,184.54 2 0
github.com/OLUWAMUYIWA/odor/parsec/parsec.go:191.3,195.4 1 0
github.com/OLUWAMUYIWA/odor/parsec/parsec.go:179.17,181.4 1 0
github.com/OLUWAMUYIWA/odor/parsec/parsec.go:184.54,190.4 1 0
github.com/OLUWAMUYIWA/odor/parsec/parsec.go:202.25,204.38 1 0
github.com/OLUWAMUYIWA/odor/parsec/parsec.go:204.38,206.17 1 0
github.com/OLUWAMUYIWA/odor/parsec/parsec.go:214.3,217.28 3 0
github.com/OLUWAMUYIWA/odor/parsec/parsec.go:231.3,231.20 1 0
github.com/OLUWAMUYIWA/odor/parsec/parsec.go:239.3,243.4 1 0
github.com/OLUWAMUYIWA/odor/parsec/parsec.go:206.17,212.4 1 0
github.com/OLUWAMUYIWA/odor/parsec/parsec.go:217.28,218.19 1 0
github.com/OLUWAMUYIWA/odor/parsec/parsec.go:218.19,224.5 1 0
github.com/OLUWAMUYIWA/odor/parsec/parsec.go:224.10,227.5 2 0
github.com/OLUWAMUYIWA/odor/parsec/parsec.go:231.20,237.4 1 0
github.com/OLUWAMUYIWA/odor/parsec/parsec.go:248.35,249.38 1 0
github.com/OLUWAMUYIWA/odor/parsec/parsec.go:249.38,251.17 1 0
github.com/OLUWAMUYIWA/odor/parsec/parsec.go:259.3,263.20 4 0
github.com/OLUWAMUYIWA/odor/parsec/parsec.go:287.3,291.4 1 0
github.com/OLUWAMUYIWA/odor/parsec/parsec.go:251.17,257.4 1 0
github.com/OLUWAMUYIWA/odor/parsec/parsec.go:263.20,265.15 1 0
github.com/OLUWAMUYIWA/odor/parsec/parsec.go:281.4,283.20 3 0
github.com/OLUWAMUYIWA/odor/parsec/parsec.go:265.15,266.23 1 0
github.com/OLUWAMUYIWA/odor/parsec/parsec.go:274.5,278.6 1 0
github.com/OLUWAMUYIWA/odor/parsec/parsec.go:266.23,272.6 1 0
github.com/OLUWAMUYIWA/odor/parsec/parsec.go:297.36,299.38 1 0
github.com/OLUWAMUYIWA/odor/parsec/parsec.go:299.38,300.17 1 0
github.com/OLUWAMUYIWA/odor/parsec/parsec.go:308.3,311.31 4 0
github.com/OLUWAMUYIWA/odor/parsec/parsec.go:317.3,317.21 1 0
github.com/OLUWAMUYIWA/odor/parsec/parsec.go:325.3,329.4 1 0
github.com/OLUWAMUYIWA/odor/parsec/parsec.go:300.17,306.4 1 0
github.com/OLUWAMUYIWA/odor/parsec/parsec.go:311.31,315.4 3 0
github.com/OLUWAMUYIWA/odor/parsec/parsec.go:317.21,323.4 1 0
github.com/OLUWAMUYIWA/odor/parsec/parsec.go:336.44,338.38 1 0
github.com/OLUWAMUYIWA/odor/parsec/parsec.go:338.38,340.17 1 0
github.com/OLUWAMUYIWA/odor/parsec/parsec.go:348.3,354.32 3 0
github.com/OLUWAMUYIWA/odor/parsec/parsec.go:378.3,378.31 1 0
github.com/OLUWAMUYIWA/odor/parsec/parsec.go:401.3,405.4 1 0
github.com/OLUWAMUYIWA/odor/parsec/parsec.go:340.17,346.4 1 0
github.com/OLUWAMUYIWA/odor/parsec/parsec.go:354.32,356.19 1 0
github.com/OLUWAMUYIWA/odor/parsec/parsec.go:364.4,365.17 2 0
github.com/OLUWAMUYIWA/odor/parsec/parsec.go:373.4,373.19 1 0
github.com/OLUWAMUYIWA/odor/parsec/parsec.go:356.19,362.5 1 0
github.com/OLUWAMUYIWA/odor/parsec/parsec.go:365.17,371.5 1 0
github.com/OLUWAMUYIWA/odor/parsec/parsec.go:378.31,380.19 1 0
github.com/OLUWAMUYIWA/odor/parsec/parsec.go:388.4,389.17 2 0
github.com/OLUWAMUYIWA/odor/parsec/parsec.go:397.4,397.19 1 0
github.com/OLUWAMUYIWA/odor/parsec/parsec.go:380.19,386.5 1 0
github.com/OLUWAMUYIWA/odor/parsec/parsec.go:389.17,395.5 1 0
github.com/OLUWAMUYIWA/odor/parsec/parsec.go:411.41,412.38 1 0
github.com/OLUWAMUYIWA/odor/parsec/parsec.go:412.38,414.17 1 0
github.com/OLUWAMUYIWA/odor/parsec/parsec.go:421.3,425.30 3 0
github.com/OLUWAMUYIWA/odor/parsec/parsec.go:447.3,447.32 1 0
github.com/OLUWAMUYIWA/odor/parsec/parsec.go:469.3,473.4 1 0
github.com/OLUWAMUYIWA/odor/parsec/parsec.go:414.17,420.4 1 0
github.com/OLUWAMUYIWA/odor/parsec/parsec.go:425.30,427.19 1 0
github.com/OLUWAMUYIWA/odor/parsec/parsec.go:435.4,436.17 2 0
github.com/OLUWAMUYIWA/odor/parsec/parsec.go:443.4,443.19 1 0
github.com/OLUWAMUYIWA/odor/parsec/parsec.go:427.19,433.5 1 0
github.com/OLUWAMUYIWA/odor/parsec/parsec.go:436.17,442.5 1 0
github.com/OLUWAMUYIWA/odor/parsec/parsec.go:447.32,449.19 1 0
github.com/OLUWAMUYIWA/odor/parsec/parsec.go:457.4,458.17 2 0
github.com/OLUWAMUYIWA/odor/parsec/parsec.go:465.4,465.19 1 0
github.com/OLUWAMUYIWA/odor/parsec/parsec.go:449.19,455.5 1 0
github.com/OLUWAMUYIWA/odor/parsec/parsec.go:458.17,464.5 1 0
github.com/OLUWAMUYIWA/odor/parsec/parsec.go:478.22,479.38 1 0
github.com/OLUWAMUYIWA/odor/parsec/parsec.go:479.38,481.17 1 0
github.com/OLUWAMUYIWA/odor/parsec/parsec.go:489.3,494.20 6 0
github.com/OLUWAMUYIWA/odor/parsec/parsec.go:508.3,508.28 1 0
github.com/OLUWAMUYIWA/odor/parsec/parsec.go:516.3,521.4 2 0
github.com/OLUWAMUYIWA/odor/parsec/parsec.go:481.17,487.4 1 0
github.com/OLUWAMUYIWA/odor/parsec/parsec.go:494.20,496.22 2 0
github.com/OLUWAMUYIWA/odor/parsec/parsec.go:496.22,497.39 1 0
github.com/OLUWAMUYIWA/odor/parsec/parsec.go:497.39,500.6 2 0
github.com/OLUWAMUYIWA/odor/parsec/parsec.go:501.10,503.10 2 0
github.com/OLUWAMUYIWA/odor/parsec/parsec.go:508.28,514.4 1 0
github.com/OLUWAMUYIWA/odor/parsec/parsec.go:527.33,528.38 1 0
github.com/OLUWAMUYIWA/odor/parsec/parsec.go:528.38,530.17 1 0
github.com/OLUWAMUYIWA/odor/parsec/parsec.go:534.3,536.27 2 0
github.com/OLUWAMUYIWA/odor/parsec/parsec.go:546.3,546.34 1 0
github.com/OLUWAMUYIWA/odor/parsec/parsec.go:530.17,532.4 1 0
github.com/OLUWAMUYIWA/odor/parsec/parsec.go:536.27,538.22 2 0
github.com/OLUWAMUYIWA/odor/parsec/parsec.go:543.4,543.17 1 0
github.com/OLUWAMUYIWA/odor/parsec/parsec.go:538.22,542.5 1 0
github.com/OLUWAMUYIWA/odor/parsec/parsec.go:552.29,553.38 1 0
github.com/OLUWAMUYIWA/odor/parsec/parsec.go:553.38,554.28 1 0
github.com/OLUWAMUYIWA/odor/parsec/parsec.go:554.28,556.4 1 0
github.com/OLUWAMUYIWA/odor/parsec/parsec.go:556.9,558.4 1 0
github.com/OLUWAMUYIWA/odor/parsec/parsec.go:563.32,564.38 1 0
github.com/OLUWAMUYIWA/odor/parsec/parsec.go:564.38,566.24 2 0
github.com/OLUWAMUYIWA/odor/parsec/parsec.go:574.3,574.13 1 0
github.com/OLUWAMUYIWA/odor/parsec/parsec.go:566.24,568.22 2 0
github.com/OLUWAMUYIWA/odor/parsec/parsec.go:571.4,572.21 2 0
github.com/OLUWAMUYIWA/odor/parsec/parsec.go:568.22,570.5 1 0
github.com/OLUWAMUYIWA/odor/parsec/parsec.go:580.32,581.38 1 0
github.com/OLUWAMUYIWA/odor/parsec/parsec.go:581.38,586.23 3 0
github.com/OLUWAMUYIWA/odor/parsec/parsec.go:589.3,593.24 3 0
github.com/OLUWAMUYIWA/odor/parsec/parsec.go:601.3,601.13 1 0
github.com/OLUWAMUYIWA/odor/parsec/parsec.go:586.23,588.4 1 0
github.com/OLUWAMUYIWA/odor/parsec/parsec.go:593.24,595.22 2 0
github.com/OLUWAMUYIWA/odor/parsec/parsec.go:598.4,599.21 2 0
github.com/OLUWAMUYIWA/odor/parsec/parsec.go:595.22,597.5 1 0
github.com/OLUWAMUYIWA/odor/parsec/parsec.go:608.37,609.38 1 0
github.com/OLUWAMUYIWA/odor/parsec/parsec.go:609.38,611.26 2 0
github.com/OLUWAMUYIWA/odor/parsec/parsec.go:619.3,619.13 1 0
github.com/OLUWAMUYIWA/odor/parsec/parsec.go:611.26,613.22 2 0
github.com/OLUWAMUYIWA/odor/parsec/parsec.go:616.4,617.21 2 0
github.com/OLUWAMUYIWA/odor/parsec/parsec.go:613.22,615.5 1 0
github.com/OLUWAMUYIWA/odor/parsec/parsec.go:624.41,625.38 1 0
github.com/OLUWAMUYIWA/odor/parsec/parsec.go:625.38,627.22 2 0
github.com/OLUWAMUYIWA/odor/parsec/parsec.go:634.3,634.21 1 0
github.com/OLUWAMUYIWA/odor/parsec/parsec.go:637.3,638.13 2 0
github.com/OLUWAMUYIWA/odor/parsec/parsec.go:627.22,633.4 1 0
github.com/OLUWAMUYIWA/odor/parsec/parsec.go:634.21,636.4 1 0
github.com/OLUWAMUYIWA/odor/parsec/parsec.go:645.87,646.38 1 0
github.com/OLUWAMUYIWA/odor/parsec/parsec.go:646.38,649.20 3 0
github.com/OLUWAMUYIWA/odor/parsec/parsec.go:657.3,657.33 1 0
github.com/OLUWAMUYIWA/odor/parsec/parsec.go:649.20,651.22 2 0
github.com/OLUWAMUYIWA/odor/parsec/parsec.go:654.4,655.39 2 0
github.com/OLUWAMUYIWA/odor/parsec/parsec.go:651.22,653.5 1 0
github.com/OLUWAMUYIWA/odor/parsec/parsec.go:661.87,662.38 1 0
github.com/OLUWAMUYIWA/odor/parsec/parsec.go:662.38,666.20 4 0
github.com/OLUWAMUYIWA/odor/parsec/parsec.go:680.3,680.33 1 0
github.com/OLUWAMUYIWA/odor/parsec/parsec.go:666.20,668.23 2 0
github.com/OLUWAMUYIWA/odor/parsec/parsec.go:676.4,678.7 3 0
github.com/OLUWAMUYIWA/odor/parsec/parsec.go:668.23,669.14 1 0
github.com/OLUWAMUYIWA/odor/parsec/parsec.go:669.14,671.6 1 0
github.com/OLUWAMUYIWA/odor/parsec/parsec.go:671.11,673.6 1 0
